2018-06-30 17:14:58,203 INFO o.a.j.u.JMeterUtils: Setting Locale to en_EN
2018-06-30 17:14:58,310 INFO o.a.j.JMeter: Loading user properties from: E:\apache-jmeter-4.0\bin\user.properties
2018-06-30 17:14:58,324 INFO o.a.j.JMeter: Loading system properties from: E:\apache-jmeter-4.0\bin\system.properties
2018-06-30 17:14:58,354 INFO o.a.j.JMeter: Copyright (c) 1998-2018 The Apache Software Foundation
2018-06-30 17:14:58,354 INFO o.a.j.JMeter: Version 4.0 r1823414
2018-06-30 17:14:58,354 INFO o.a.j.JMeter: java.version=1.8.0_171
2018-06-30 17:14:58,354 INFO o.a.j.JMeter: java.vm.name=Java HotSpot(TM) 64-Bit Server VM
2018-06-30 17:14:58,355 INFO o.a.j.JMeter: os.name=Windows 10
2018-06-30 17:14:58,355 INFO o.a.j.JMeter: os.arch=amd64
2018-06-30 17:14:58,355 INFO o.a.j.JMeter: os.version=10.0
2018-06-30 17:14:58,355 INFO o.a.j.JMeter: file.encoding=GBK
2018-06-30 17:14:58,355 INFO o.a.j.JMeter: Max memory     =1073741824
2018-06-30 17:14:58,356 INFO o.a.j.JMeter: Available Processors =2
2018-06-30 17:14:58,424 INFO o.a.j.JMeter: Default Locale=English (EN)
2018-06-30 17:14:58,425 INFO o.a.j.JMeter: JMeter  Locale=English (EN)
2018-06-30 17:14:58,425 INFO o.a.j.JMeter: JMeterHome=E:\apache-jmeter-4.0
2018-06-30 17:14:58,425 INFO o.a.j.JMeter: user.dir  =D:\GIT\AutoInterfaceTest\project\runner
2018-06-30 17:14:58,425 INFO o.a.j.JMeter: PWD       =D:\GIT\AutoInterfaceTest\project\runner
2018-06-30 17:14:58,437 INFO o.a.j.JMeter: IP: 192.200.41.67 Name: DESKTOP-LKIRTOD FullName: DESKTOP-LKIRTOD
2018-06-30 17:14:59,546 INFO o.a.j.g.a.LookAndFeelCommand: Installing Darcula LAF
2018-06-30 17:14:59,732 INFO o.a.j.g.a.LookAndFeelCommand: Using look and feel: com.bulenkov.darcula.DarculaLaf [Darcula]
2018-06-30 17:14:59,732 INFO o.a.j.JMeter: Setting LAF to: com.bulenkov.darcula.DarculaLaf
2018-06-30 17:15:00,076 INFO o.a.j.JMeter: Loaded icon properties from org/apache/jmeter/images/icon.properties
2018-06-30 17:15:02,257 INFO o.a.j.e.u.CompoundVariable: Note: Function class names must contain the string: '.functions.'
2018-06-30 17:15:02,257 INFO o.a.j.e.u.CompoundVariable: Note: Function class names must not contain the string: '.gui.'
2018-06-30 17:15:07,507 INFO o.a.j.p.h.s.HTTPSamplerBase: Parser for text/html is org.apache.jmeter.protocol.http.parser.LagartoBasedHtmlParser
2018-06-30 17:15:07,511 INFO o.a.j.p.h.s.HTTPSamplerBase: Parser for application/xhtml+xml is org.apache.jmeter.protocol.http.parser.LagartoBasedHtmlParser
2018-06-30 17:15:07,512 INFO o.a.j.p.h.s.HTTPSamplerBase: Parser for application/xml is org.apache.jmeter.protocol.http.parser.LagartoBasedHtmlParser
2018-06-30 17:15:07,513 INFO o.a.j.p.h.s.HTTPSamplerBase: Parser for text/xml is org.apache.jmeter.protocol.http.parser.LagartoBasedHtmlParser
2018-06-30 17:15:07,513 INFO o.a.j.p.h.s.HTTPSamplerBase: Parser for text/vnd.wap.wml is org.apache.jmeter.protocol.http.parser.RegexpHTMLParser
2018-06-30 17:15:07,513 INFO o.a.j.p.h.s.HTTPSamplerBase: Parser for text/css is org.apache.jmeter.protocol.http.parser.CssParser
2018-06-30 17:15:10,881 INFO o.a.j.e.KeyToolUtils: keytool found at 'keytool'
2018-06-30 17:15:10,881 INFO o.a.j.p.h.p.ProxyControl: HTTP(S) Test Script Recorder SSL Proxy will use keys that support embedded 3rd party resources in file E:\apache-jmeter-4.0\bin\proxyserver.jks
2018-06-30 17:15:11,282 INFO o.a.j.s.FileServer: Default base='D:\GIT\AutoInterfaceTest\project\runner'
2018-06-30 17:15:13,967 INFO o.a.j.s.SampleResult: Note: Sample TimeStamps are START times
2018-06-30 17:15:13,967 INFO o.a.j.s.SampleResult: sampleresult.default.encoding is set to ISO-8859-1
2018-06-30 17:15:13,967 INFO o.a.j.s.SampleResult: sampleresult.useNanoTime=true
2018-06-30 17:15:13,968 INFO o.a.j.s.SampleResult: sampleresult.nanoThreadSleep=5000
2018-06-30 17:15:44,930 INFO o.a.j.g.a.Load: Loading file: D:\work-svn\01-云眼项目\03-YY2.3.0\03-测试\01-认证中心\02-性能测试\500user10loop-first\authority.jmx
2018-06-30 17:15:44,930 INFO o.a.j.s.FileServer: Set new base='D:\work-svn\01-云眼项目\03-YY2.3.0\03-测试\01-认证中心\02-性能测试\500user10loop-first'
2018-06-30 17:15:45,283 INFO o.a.j.s.SaveService: Testplan (JMX) version: 2.2. Testlog (JTL) version: 2.2
2018-06-30 17:15:45,376 INFO o.a.j.s.SaveService: Using SaveService properties file encoding UTF-8
2018-06-30 17:15:45,379 INFO o.a.j.s.SaveService: Using SaveService properties version 4.0
2018-06-30 17:15:45,385 INFO o.a.j.s.SaveService: Loading file: D:\work-svn\01-云眼项目\03-YY2.3.0\03-测试\01-认证中心\02-性能测试\500user10loop-first\authority.jmx
2018-06-30 17:15:45,683 INFO o.a.j.s.FileServer: Set new base='D:\work-svn\01-云眼项目\03-YY2.3.0\03-测试\01-认证中心\02-性能测试\500user10loop-first'
